2015.04.17 16:23 B C:\Users\ProBook\Desktop\Second Semester Stuff\comp 213 Webpage Matter\TermProject\_vti_pvt\botinfs.cnf --> studentweb.cencol.ca /mkhanna6/TermProject/_vti_pvt botinfs.cnf
2015.04.17 16:23 B C:\Users\ProBook\Desktop\Second Semester Stuff\comp 213 Webpage Matter\TermProject\_vti_pvt\bots.cnf --> studentweb.cencol.ca /mkhanna6/TermProject/_vti_pvt bots.cnf
2015.04.17 16:23 B C:\Users\ProBook\Desktop\Second Semester Stuff\comp 213 Webpage Matter\TermProject\_vti_pvt\deptodoc.btr --> studentweb.cencol.ca /mkhanna6/TermProject/_vti_pvt deptodoc.btr
2015.04.17 16:23 B C:\Users\ProBook\Desktop\Second Semester Stuff\comp 213 Webpage Matter\TermProject\_vti_pvt\doctodep.btr --> studentweb.cencol.ca /mkhanna6/TermProject/_vti_pvt doctodep.btr
2015.04.17 16:23 B C:\Users\ProBook\Desktop\Second Semester Stuff\comp 213 Webpage Matter\TermProject\_vti_pvt\fpdbw.ico --> studentweb.cencol.ca /mkhanna6/TermProject/_vti_pvt fpdbw.ico
2015.04.17 16:23 B C:\Users\ProBook\Desktop\Second Semester Stuff\comp 213 Webpage Matter\TermProject\_vti_pvt\linkinfo.btr --> studentweb.cencol.ca /mkhanna6/TermProject/_vti_pvt linkinfo.btr
2015.04.17 16:23 B C:\Users\ProBook\Desktop\Second Semester Stuff\comp 213 Webpage Matter\TermProject\_vti_pvt\service.cnf --> studentweb.cencol.ca /mkhanna6/TermProject/_vti_pvt service.cnf
2015.04.17 16:23 B C:\Users\ProBook\Desktop\Second Semester Stuff\comp 213 Webpage Matter\TermProject\_vti_pvt\service.lck --> studentweb.cencol.ca /mkhanna6/TermProject/_vti_pvt service.lck
2015.04.17 16:23 B C:\Users\ProBook\Desktop\Second Semester Stuff\comp 213 Webpage Matter\TermProject\_vti_pvt\services.cnf --> studentweb.cencol.ca /mkhanna6/TermProject/_vti_pvt services.cnf
2015.04.17 16:23 B C:\Users\ProBook\Desktop\Second Semester Stuff\comp 213 Webpage Matter\TermProject\_vti_pvt\structure.cnf --> studentweb.cencol.ca /mkhanna6/TermProject/_vti_pvt structure.cnf
2015.04.17 23:22 B C:\Users\ProBook\Desktop\Second Semester Stuff\comp 213 Webpage Matter\TermProject\_vti_pvt\botinfs.cnf --> studentweb.cencol.ca /mkhanna6/TermProject/_vti_pvt botinfs.cnf
2015.04.17 23:22 B C:\Users\ProBook\Desktop\Second Semester Stuff\comp 213 Webpage Matter\TermProject\_vti_pvt\bots.cnf --> studentweb.cencol.ca /mkhanna6/TermProject/_vti_pvt bots.cnf
2015.04.17 23:22 B C:\Users\ProBook\Desktop\Second Semester Stuff\comp 213 Webpage Matter\TermProject\_vti_pvt\deptodoc.btr --> studentweb.cencol.ca /mkhanna6/TermProject/_vti_pvt deptodoc.btr
2015.04.17 23:22 B C:\Users\ProBook\Desktop\Second Semester Stuff\comp 213 Webpage Matter\TermProject\_vti_pvt\doctodep.btr --> studentweb.cencol.ca /mkhanna6/TermProject/_vti_pvt doctodep.btr
2015.04.17 23:22 B C:\Users\ProBook\Desktop\Second Semester Stuff\comp 213 Webpage Matter\TermProject\_vti_pvt\fpdbw.ico --> studentweb.cencol.ca /mkhanna6/TermProject/_vti_pvt fpdbw.ico
2015.04.17 23:22 B C:\Users\ProBook\Desktop\Second Semester Stuff\comp 213 Webpage Matter\TermProject\_vti_pvt\linkinfo.btr --> studentweb.cencol.ca /mkhanna6/TermProject/_vti_pvt linkinfo.btr
2015.04.17 23:22 B C:\Users\ProBook\Desktop\Second Semester Stuff\comp 213 Webpage Matter\TermProject\_vti_pvt\service.cnf --> studentweb.cencol.ca /mkhanna6/TermProject/_vti_pvt service.cnf
2015.04.17 23:22 B C:\Users\ProBook\Desktop\Second Semester Stuff\comp 213 Webpage Matter\TermProject\_vti_pvt\service.lck --> studentweb.cencol.ca /mkhanna6/TermProject/_vti_pvt service.lck
2015.04.17 23:22 B C:\Users\ProBook\Desktop\Second Semester Stuff\comp 213 Webpage Matter\TermProject\_vti_pvt\services.cnf --> studentweb.cencol.ca /mkhanna6/TermProject/_vti_pvt services.cnf
2015.04.17 23:22 B C:\Users\ProBook\Desktop\Second Semester Stuff\comp 213 Webpage Matter\TermProject\_vti_pvt\structure.cnf --> studentweb.cencol.ca /mkhanna6/TermProject/_vti_pvt structure.cnf
2015.04.17 23:22 B C:\Users\ProBook\Desktop\Second Semester Stuff\comp 213 Webpage Matter\TermProject\_vti_pvt\WS_FTP.LOG --> studentweb.cencol.ca /mkhanna6/TermProject/_vti_pvt WS_FTP.LOG
