2015.01.28 18:00 B H:\COMP 213\webpage\index.html --> studentweb.cencol.ca /mkhanna6 index.html
2015.01.28 18:01 B H:\COMP 213\webpage\index.html --> studentweb.cencol.ca /mkhanna6 index.html
2015.01.29 08:42 B H:\COMP 213\webpage\index.html --> studentweb.cencol.ca /mkhanna6 index.html
2015.01.29 13:58 B H:\COMP 213\webpage\index.html --> studentweb.cencol.ca /mkhanna6 index.html
2015.01.30 08:36 B H:\COMP 213\webpage\index.html --> studentweb.cencol.ca /mkhanna6 index.html
2015.01.30 08:42 B H:\COMP 213\webpage\index.html --> studentweb.cencol.ca /mkhanna6 index.html
2015.01.30 08:52 B H:\COMP 213\webpage\index.html --> studentweb.cencol.ca /mkhanna6 index.html
2015.02.20 19:45 B C:\Users\ProBook\Desktop\comp 231\animated.gif --> studentweb.cencol.ca /mkhanna6 animated.gif
2015.02.20 19:45 B C:\Users\ProBook\Desktop\comp 231\logo.gif --> studentweb.cencol.ca /mkhanna6 logo.gif
2015.02.20 19:45 B C:\Users\ProBook\Desktop\comp 231\index.html --> studentweb.cencol.ca /mkhanna6 index.html
2015.02.20 19:45 B C:\Users\ProBook\Desktop\comp 231\music.jpg --> studentweb.cencol.ca /mkhanna6 music.jpg
2015.02.20 19:46 B C:\Users\ProBook\Desktop\comp 231\shahrukh.jpg --> studentweb.cencol.ca /mkhanna6 shahrukh.jpg
2015.02.20 19:46 B C:\Users\ProBook\Desktop\comp 231\WS_FTP.LOG --> studentweb.cencol.ca /mkhanna6 WS_FTP.LOG
2015.02.20 19:51 B C:\Users\ProBook\Desktop\comp 231\index.html --> studentweb.cencol.ca /mkhanna6 index.html
2015.02.20 20:29 B C:\Users\ProBook\Desktop\comp 231\index.html --> studentweb.cencol.ca /mkhanna6 index.html
2015.02.27 10:32 B C:\Users\ProBook\Desktop\comp 213 Webpage Matter\index.html --> studentweb.cencol.ca /mkhanna6 index.html
2015.03.16 13:24 B C:\Users\ProBook\Desktop\comp 213 Webpage Matter\index.html --> studentweb.cencol.ca /mkhanna6 index.html
2015.03.27 22:30 B C:\Users\ProBook\Desktop\Second Semester Stuff\comp 213 Webpage Matter\index.html --> studentweb.cencol.ca /mkhanna6 index.html
2015.04.10 12:25 B C:\Users\ProBook\Desktop\Second Semester Stuff\comp 213 Webpage Matter\index.html --> studentweb.cencol.ca /mkhanna6 index.html
2015.04.12 20:41 B C:\Users\ProBook\Desktop\Second Semester Stuff\comp 213 Webpage Matter\index.html --> studentweb.cencol.ca /mkhanna6 index.html
2015.05.18 14:56 B C:\Users\ProBook\Desktop\Second Semester Stuff\comp 213 Webpage Matter\index.html --> studentweb.cencol.ca /mkhanna6 index.html
2015.05.18 14:58 B C:\Users\ProBook\Desktop\Second Semester Stuff\comp 213 Webpage Matter\index.html --> studentweb.cencol.ca /mkhanna6 index.html
2015.06.01 21:55 B C:\Users\ProBook\Desktop\college work\Second Semester Stuff\comp 213 Webpage Matter\index.html --> studentweb.cencol.ca /mkhanna6 index.html
2015.06.05 15:48 B C:\Users\ProBook\Desktop\college work\Second Semester Stuff\comp 213 Webpage Matter\index.html --> studentweb.cencol.ca /mkhanna6 index.html
2015.06.16 19:15 B C:\Users\ProBook\Desktop\college work\Second Semester Stuff\comp 213 Webpage Matter\index.html --> studentweb.cencol.ca /mkhanna6 index.html
2015.10.10 00:30 B C:\Users\ProBook\Desktop\college work\Second Semester Stuff\comp 213 Webpage Matter\Comp229(Assignment1).html --> studentweb.cencol.ca /skausha8 Comp229(Assignment1).html
