vti_encoding:SR|utf8-nl
vti_timelastmodified:TR|17 Apr 2015 23:23:33 -0000
vti_extenderversion:SR|12.0.0.0
vti_author:SR|ProBook-PC\\ProBook
vti_modifiedby:SR|ProBook-PC\\ProBook
vti_timecreated:TR|17 Apr 2015 23:23:33 -0000
2015.04.17 23:23 B C:\Users\ProBook\Desktop\Second Semester Stuff\comp 213 Webpage Matter\TermProject\buttons\_vti_cnf\button12.gif --> studentweb.cencol.ca /mkhanna6/TermProject/buttons/_vti_cnf button12.gif
2015.04.17 23:23 B C:\Users\ProBook\Desktop\Second Semester Stuff\comp 213 Webpage Matter\TermProject\buttons\_vti_cnf\button13.gif --> studentweb.cencol.ca /mkhanna6/TermProject/buttons/_vti_cnf button13.gif
2015.04.17 23:23 B C:\Users\ProBook\Desktop\Second Semester Stuff\comp 213 Webpage Matter\TermProject\buttons\_vti_cnf\button14.gif --> studentweb.cencol.ca /mkhanna6/TermProject/buttons/_vti_cnf button14.gif
2015.04.17 23:23 B C:\Users\ProBook\Desktop\Second Semester Stuff\comp 213 Webpage Matter\TermProject\buttons\_vti_cnf\button19.gif --> studentweb.cencol.ca /mkhanna6/TermProject/buttons/_vti_cnf button19.gif
2015.04.17 23:23 B C:\Users\ProBook\Desktop\Second Semester Stuff\comp 213 Webpage Matter\TermProject\buttons\_vti_cnf\button1A.gif --> studentweb.cencol.ca /mkhanna6/TermProject/buttons/_vti_cnf button1A.gif
2015.04.17 23:23 B C:\Users\ProBook\Desktop\Second Semester Stuff\comp 213 Webpage Matter\TermProject\buttons\_vti_cnf\button1B.gif --> studentweb.cencol.ca /mkhanna6/TermProject/buttons/_vti_cnf button1B.gif
2015.04.17 23:23 B C:\Users\ProBook\Desktop\Second Semester Stuff\comp 213 Webpage Matter\TermProject\buttons\_vti_cnf\button1C.gif --> studentweb.cencol.ca /mkhanna6/TermProject/buttons/_vti_cnf button1C.gif
2015.04.17 23:23 B C:\Users\ProBook\Desktop\Second Semester Stuff\comp 213 Webpage Matter\TermProject\buttons\_vti_cnf\button1D.gif --> studentweb.cencol.ca /mkhanna6/TermProject/buttons/_vti_cnf button1D.gif
2015.04.17 23:23 B C:\Users\ProBook\Desktop\Second Semester Stuff\comp 213 Webpage Matter\TermProject\buttons\_vti_cnf\button1E.gif --> studentweb.cencol.ca /mkhanna6/TermProject/buttons/_vti_cnf button1E.gif
2015.04.17 23:23 B C:\Users\ProBook\Desktop\Second Semester Stuff\comp 213 Webpage Matter\TermProject\buttons\_vti_cnf\button21.gif --> studentweb.cencol.ca /mkhanna6/TermProject/buttons/_vti_cnf button21.gif
2015.04.17 23:23 B C:\Users\ProBook\Desktop\Second Semester Stuff\comp 213 Webpage Matter\TermProject\buttons\_vti_cnf\button22.gif --> studentweb.cencol.ca /mkhanna6/TermProject/buttons/_vti_cnf button22.gif
2015.04.17 23:23 B C:\Users\ProBook\Desktop\Second Semester Stuff\comp 213 Webpage Matter\TermProject\buttons\_vti_cnf\button23.gif --> studentweb.cencol.ca /mkhanna6/TermProject/buttons/_vti_cnf button23.gif
2015.04.17 23:23 B C:\Users\ProBook\Desktop\Second Semester Stuff\comp 213 Webpage Matter\TermProject\buttons\_vti_cnf\button8.gif --> studentweb.cencol.ca /mkhanna6/TermProject/buttons/_vti_cnf button8.gif
2015.04.17 23:23 B C:\Users\ProBook\Desktop\Second Semester Stuff\comp 213 Webpage Matter\TermProject\buttons\_vti_cnf\button9.gif --> studentweb.cencol.ca /mkhanna6/TermProject/buttons/_vti_cnf button9.gif
2015.04.17 23:23 B C:\Users\ProBook\Desktop\Second Semester Stuff\comp 213 Webpage Matter\TermProject\buttons\_vti_cnf\buttonA.gif --> studentweb.cencol.ca /mkhanna6/TermProject/buttons/_vti_cnf buttonA.gif
2015.04.17 23:23 B C:\Users\ProBook\Desktop\Second Semester Stuff\comp 213 Webpage Matter\TermProject\buttons\_vti_cnf\SurinderLamba.png --> studentweb.cencol.ca /mkhanna6/TermProject/buttons/_vti_cnf SurinderLamba.png
2015.04.17 23:23 B C:\Users\ProBook\Desktop\Second Semester Stuff\comp 213 Webpage Matter\TermProject\buttons\_vti_cnf\WS_FTP.LOG --> studentweb.cencol.ca /mkhanna6/TermProject/buttons/_vti_cnf WS_FTP.LOG
