2015.04.17 16:23 B C:\Users\ProBook\Desktop\Second Semester Stuff\comp 213 Webpage Matter\TermProject\background.jpg --> studentweb.cencol.ca /mkhanna6/TermProject background.jpg
2015.04.17 16:23 B C:\Users\ProBook\Desktop\Second Semester Stuff\comp 213 Webpage Matter\TermProject\Banner.png --> studentweb.cencol.ca /mkhanna6/TermProject Banner.png
2015.04.17 16:23 B C:\Users\ProBook\Desktop\Second Semester Stuff\comp 213 Webpage Matter\TermProject\Contact.html --> studentweb.cencol.ca /mkhanna6/TermProject Contact.html
2015.04.17 16:23 B C:\Users\ProBook\Desktop\Second Semester Stuff\comp 213 Webpage Matter\TermProject\contact.js --> studentweb.cencol.ca /mkhanna6/TermProject contact.js
2015.04.17 16:23 B C:\Users\ProBook\Desktop\Second Semester Stuff\comp 213 Webpage Matter\TermProject\desktop.ini --> studentweb.cencol.ca /mkhanna6/TermProject desktop.ini
2015.04.17 16:23 B C:\Users\ProBook\Desktop\Second Semester Stuff\comp 213 Webpage Matter\TermProject\editable.txt --> studentweb.cencol.ca /mkhanna6/TermProject editable.txt
2015.04.17 16:23 B C:\Users\ProBook\Desktop\Second Semester Stuff\comp 213 Webpage Matter\TermProject\Home.html --> studentweb.cencol.ca /mkhanna6/TermProject Home.html
2015.04.17 16:23 B C:\Users\ProBook\Desktop\Second Semester Stuff\comp 213 Webpage Matter\TermProject\Sitemap.html --> studentweb.cencol.ca /mkhanna6/TermProject Sitemap.html
2015.04.17 16:23 B C:\Users\ProBook\Desktop\Second Semester Stuff\comp 213 Webpage Matter\TermProject\SurinderLamba.png --> studentweb.cencol.ca /mkhanna6/TermProject SurinderLamba.png
2015.04.17 16:23 B C:\Users\ProBook\Desktop\Second Semester Stuff\comp 213 Webpage Matter\TermProject\Switchboard.html --> studentweb.cencol.ca /mkhanna6/TermProject Switchboard.html
2015.04.17 16:23 B C:\Users\ProBook\Desktop\Second Semester Stuff\comp 213 Webpage Matter\TermProject\Term Project.doc --> studentweb.cencol.ca /mkhanna6/TermProject Term Project.doc
2015.04.17 16:23 B C:\Users\ProBook\Desktop\Second Semester Stuff\comp 213 Webpage Matter\TermProject\TermProject.dwt --> studentweb.cencol.ca /mkhanna6/TermProject TermProject.dwt
2015.04.17 16:23 B C:\Users\ProBook\Desktop\Second Semester Stuff\comp 213 Webpage Matter\TermProject\TermProjectStyles.css --> studentweb.cencol.ca /mkhanna6/TermProject TermProjectStyles.css
2015.04.17 23:24 B C:\Users\ProBook\Desktop\Second Semester Stuff\comp 213 Webpage Matter\TermProject\background.jpg --> studentweb.cencol.ca /mkhanna6/TermProject background.jpg
2015.04.17 23:24 B C:\Users\ProBook\Desktop\Second Semester Stuff\comp 213 Webpage Matter\TermProject\Banner.png --> studentweb.cencol.ca /mkhanna6/TermProject Banner.png
2015.04.17 23:24 B C:\Users\ProBook\Desktop\Second Semester Stuff\comp 213 Webpage Matter\TermProject\Contact.html --> studentweb.cencol.ca /mkhanna6/TermProject Contact.html
2015.04.17 23:24 B C:\Users\ProBook\Desktop\Second Semester Stuff\comp 213 Webpage Matter\TermProject\desktop.ini --> studentweb.cencol.ca /mkhanna6/TermProject desktop.ini
2015.04.17 23:24 B C:\Users\ProBook\Desktop\Second Semester Stuff\comp 213 Webpage Matter\TermProject\editable.txt --> studentweb.cencol.ca /mkhanna6/TermProject editable.txt
2015.04.17 23:24 B C:\Users\ProBook\Desktop\Second Semester Stuff\comp 213 Webpage Matter\TermProject\Home.html --> studentweb.cencol.ca /mkhanna6/TermProject Home.html
2015.04.17 23:24 B C:\Users\ProBook\Desktop\Second Semester Stuff\comp 213 Webpage Matter\TermProject\Sitemap.html --> studentweb.cencol.ca /mkhanna6/TermProject Sitemap.html
2015.04.17 23:24 B C:\Users\ProBook\Desktop\Second Semester Stuff\comp 213 Webpage Matter\TermProject\SurinderLamba.png --> studentweb.cencol.ca /mkhanna6/TermProject SurinderLamba.png
2015.04.17 23:24 B C:\Users\ProBook\Desktop\Second Semester Stuff\comp 213 Webpage Matter\TermProject\Switchboard.html --> studentweb.cencol.ca /mkhanna6/TermProject Switchboard.html
2015.04.17 23:24 B C:\Users\ProBook\Desktop\Second Semester Stuff\comp 213 Webpage Matter\TermProject\Term Project.doc --> studentweb.cencol.ca /mkhanna6/TermProject Term Project.doc
2015.04.17 23:24 B C:\Users\ProBook\Desktop\Second Semester Stuff\comp 213 Webpage Matter\TermProject\TermProject.dwt --> studentweb.cencol.ca /mkhanna6/TermProject TermProject.dwt
2015.04.17 23:24 B C:\Users\ProBook\Desktop\Second Semester Stuff\comp 213 Webpage Matter\TermProject\TermProjectStyles.css --> studentweb.cencol.ca /mkhanna6/TermProject TermProjectStyles.css
2015.04.17 23:24 B C:\Users\ProBook\Desktop\Second Semester Stuff\comp 213 Webpage Matter\TermProject\WS_FTP.LOG --> studentweb.cencol.ca /mkhanna6/TermProject WS_FTP.LOG
