2015.04.17 16:23 B C:\Users\ProBook\Desktop\Second Semester Stuff\comp 213 Webpage Matter\TermProject\buttons\button12.gif --> studentweb.cencol.ca /mkhanna6/TermProject/buttons button12.gif
2015.04.17 16:23 B C:\Users\ProBook\Desktop\Second Semester Stuff\comp 213 Webpage Matter\TermProject\buttons\button13.gif --> studentweb.cencol.ca /mkhanna6/TermProject/buttons button13.gif
2015.04.17 16:23 B C:\Users\ProBook\Desktop\Second Semester Stuff\comp 213 Webpage Matter\TermProject\buttons\button14.gif --> studentweb.cencol.ca /mkhanna6/TermProject/buttons button14.gif
2015.04.17 16:23 B C:\Users\ProBook\Desktop\Second Semester Stuff\comp 213 Webpage Matter\TermProject\buttons\button19.gif --> studentweb.cencol.ca /mkhanna6/TermProject/buttons button19.gif
2015.04.17 16:23 B C:\Users\ProBook\Desktop\Second Semester Stuff\comp 213 Webpage Matter\TermProject\buttons\button1A.gif --> studentweb.cencol.ca /mkhanna6/TermProject/buttons button1A.gif
2015.04.17 16:23 B C:\Users\ProBook\Desktop\Second Semester Stuff\comp 213 Webpage Matter\TermProject\buttons\button1B.gif --> studentweb.cencol.ca /mkhanna6/TermProject/buttons button1B.gif
2015.04.17 16:23 B C:\Users\ProBook\Desktop\Second Semester Stuff\comp 213 Webpage Matter\TermProject\buttons\button1C.gif --> studentweb.cencol.ca /mkhanna6/TermProject/buttons button1C.gif
2015.04.17 16:23 B C:\Users\ProBook\Desktop\Second Semester Stuff\comp 213 Webpage Matter\TermProject\buttons\button1D.gif --> studentweb.cencol.ca /mkhanna6/TermProject/buttons button1D.gif
2015.04.17 16:23 B C:\Users\ProBook\Desktop\Second Semester Stuff\comp 213 Webpage Matter\TermProject\buttons\button1E.gif --> studentweb.cencol.ca /mkhanna6/TermProject/buttons button1E.gif
2015.04.17 16:23 B C:\Users\ProBook\Desktop\Second Semester Stuff\comp 213 Webpage Matter\TermProject\buttons\button21.gif --> studentweb.cencol.ca /mkhanna6/TermProject/buttons button21.gif
2015.04.17 16:23 B C:\Users\ProBook\Desktop\Second Semester Stuff\comp 213 Webpage Matter\TermProject\buttons\button22.gif --> studentweb.cencol.ca /mkhanna6/TermProject/buttons button22.gif
2015.04.17 16:23 B C:\Users\ProBook\Desktop\Second Semester Stuff\comp 213 Webpage Matter\TermProject\buttons\button23.gif --> studentweb.cencol.ca /mkhanna6/TermProject/buttons button23.gif
2015.04.17 16:23 B C:\Users\ProBook\Desktop\Second Semester Stuff\comp 213 Webpage Matter\TermProject\buttons\button8.gif --> studentweb.cencol.ca /mkhanna6/TermProject/buttons button8.gif
2015.04.17 16:23 B C:\Users\ProBook\Desktop\Second Semester Stuff\comp 213 Webpage Matter\TermProject\buttons\button9.gif --> studentweb.cencol.ca /mkhanna6/TermProject/buttons button9.gif
2015.04.17 16:23 B C:\Users\ProBook\Desktop\Second Semester Stuff\comp 213 Webpage Matter\TermProject\buttons\buttonA.gif --> studentweb.cencol.ca /mkhanna6/TermProject/buttons buttonA.gif
2015.04.17 16:23 B C:\Users\ProBook\Desktop\Second Semester Stuff\comp 213 Webpage Matter\TermProject\buttons\SurinderLamba.png --> studentweb.cencol.ca /mkhanna6/TermProject/buttons SurinderLamba.png
2015.04.17 23:23 B C:\Users\ProBook\Desktop\Second Semester Stuff\comp 213 Webpage Matter\TermProject\buttons\button12.gif --> studentweb.cencol.ca /mkhanna6/TermProject/buttons button12.gif
2015.04.17 23:23 B C:\Users\ProBook\Desktop\Second Semester Stuff\comp 213 Webpage Matter\TermProject\buttons\button13.gif --> studentweb.cencol.ca /mkhanna6/TermProject/buttons button13.gif
2015.04.17 23:23 B C:\Users\ProBook\Desktop\Second Semester Stuff\comp 213 Webpage Matter\TermProject\buttons\button14.gif --> studentweb.cencol.ca /mkhanna6/TermProject/buttons button14.gif
2015.04.17 23:23 B C:\Users\ProBook\Desktop\Second Semester Stuff\comp 213 Webpage Matter\TermProject\buttons\button19.gif --> studentweb.cencol.ca /mkhanna6/TermProject/buttons button19.gif
2015.04.17 23:23 B C:\Users\ProBook\Desktop\Second Semester Stuff\comp 213 Webpage Matter\TermProject\buttons\button1A.gif --> studentweb.cencol.ca /mkhanna6/TermProject/buttons button1A.gif
2015.04.17 23:23 B C:\Users\ProBook\Desktop\Second Semester Stuff\comp 213 Webpage Matter\TermProject\buttons\button1B.gif --> studentweb.cencol.ca /mkhanna6/TermProject/buttons button1B.gif
2015.04.17 23:23 B C:\Users\ProBook\Desktop\Second Semester Stuff\comp 213 Webpage Matter\TermProject\buttons\button1C.gif --> studentweb.cencol.ca /mkhanna6/TermProject/buttons button1C.gif
2015.04.17 23:23 B C:\Users\ProBook\Desktop\Second Semester Stuff\comp 213 Webpage Matter\TermProject\buttons\button1D.gif --> studentweb.cencol.ca /mkhanna6/TermProject/buttons button1D.gif
2015.04.17 23:23 B C:\Users\ProBook\Desktop\Second Semester Stuff\comp 213 Webpage Matter\TermProject\buttons\button1E.gif --> studentweb.cencol.ca /mkhanna6/TermProject/buttons button1E.gif
2015.04.17 23:23 B C:\Users\ProBook\Desktop\Second Semester Stuff\comp 213 Webpage Matter\TermProject\buttons\button21.gif --> studentweb.cencol.ca /mkhanna6/TermProject/buttons button21.gif
2015.04.17 23:23 B C:\Users\ProBook\Desktop\Second Semester Stuff\comp 213 Webpage Matter\TermProject\buttons\button22.gif --> studentweb.cencol.ca /mkhanna6/TermProject/buttons button22.gif
2015.04.17 23:23 B C:\Users\ProBook\Desktop\Second Semester Stuff\comp 213 Webpage Matter\TermProject\buttons\button23.gif --> studentweb.cencol.ca /mkhanna6/TermProject/buttons button23.gif
2015.04.17 23:23 B C:\Users\ProBook\Desktop\Second Semester Stuff\comp 213 Webpage Matter\TermProject\buttons\button8.gif --> studentweb.cencol.ca /mkhanna6/TermProject/buttons button8.gif
2015.04.17 23:23 B C:\Users\ProBook\Desktop\Second Semester Stuff\comp 213 Webpage Matter\TermProject\buttons\button9.gif --> studentweb.cencol.ca /mkhanna6/TermProject/buttons button9.gif
2015.04.17 23:23 B C:\Users\ProBook\Desktop\Second Semester Stuff\comp 213 Webpage Matter\TermProject\buttons\buttonA.gif --> studentweb.cencol.ca /mkhanna6/TermProject/buttons buttonA.gif
2015.04.17 23:23 B C:\Users\ProBook\Desktop\Second Semester Stuff\comp 213 Webpage Matter\TermProject\buttons\SurinderLamba.png --> studentweb.cencol.ca /mkhanna6/TermProject/buttons SurinderLamba.png
2015.04.17 23:23 B C:\Users\ProBook\Desktop\Second Semester Stuff\comp 213 Webpage Matter\TermProject\buttons\WS_FTP.LOG --> studentweb.cencol.ca /mkhanna6/TermProject/buttons WS_FTP.LOG
